<?xml version="1.0"?>
<a>S?k p? nettet</a>
